[DEBUG] [2018-05-03T13:24:39.568Z] Reason for not using local CLI: BASE_DIRECTORY_NOT_FOUND
[DEBUG] [2018-05-03T13:24:39.578Z] CLI flags: { interactive: false, confirm: false }
[DEBUG] [2018-05-03T13:24:39.581Z] { cwd: '/home/rahul/.ionic', local: false, binPath: '/mnt/c/Users/rahul/AppData/Roaming/npm/node_modules/ionic/bin/ionic', libPath: '/mnt/c/Users/rahul/AppData/Roaming/npm/node_modules/ionic/dist/index.js' }
[2018-05-03T13:24:46.825Z] Writing 197 to daemon pid file (./daemon.pid).
[2018-05-03T13:24:46.837Z] Spinning up communication server on port 53819.
[2018-05-03T13:24:47.213Z] Writing 53819 to daemon port file (./daemon.port).
[2018-05-03T13:24:54.974Z] Writing daemon file.
[ERROR] [2018-05-03T13:25:17.373Z] Error with /mnt/c/Windows/education-for-success/education-for-success/node_modules/ionic-angular/package.json file: FILE_NOT_FOUND
[ERROR] [2018-05-03T13:25:17.373Z] Error with /mnt/c/Windows/education-for-success/education-for-success/node_modules/@ionic/app-scripts/package.json file: FILE_NOT_FOUND
[DEBUG] [2018-05-14T07:02:04.180Z] Reason for not using local CLI: BASE_DIRECTORY_NOT_FOUND
[DEBUG] [2018-05-14T07:02:04.208Z] CLI flags: { interactive: false, confirm: false }
[DEBUG] [2018-05-14T07:02:04.210Z] { cwd: '/home/rahul/.ionic', local: false, binPath: '/mnt/c/Users/rahul/AppData/Roaming/npm/node_modules/ionic/bin/ionic', libPath: '/mnt/c/Users/rahul/AppData/Roaming/npm/node_modules/ionic/dist/index.js' }
[2018-05-14T07:02:14.466Z] Daemon pid file found: ./daemon.pid
[2018-05-14T07:02:14.466Z] Process 197 not found, deleting pid file.
[2018-05-14T07:02:14.468Z] Writing 5477 to daemon pid file (./daemon.pid).
[2018-05-14T07:02:14.473Z] Spinning up communication server on port 53818.
[2018-05-14T07:02:15.656Z] Writing 53818 to daemon port file (./daemon.port).
[2018-05-14T07:02:22.637Z] Writing daemon file.
[ERROR] [2018-05-14T07:07:17.458Z] Error with /mnt/c/Users/rahul/education-for-success/education-for-success/node_modules/ionic-angular/package.json file: FILE_NOT_FOUND
[ERROR] [2018-05-14T07:07:17.459Z] Error with /mnt/c/Users/rahul/education-for-success/education-for-success/node_modules/@ionic/app-scripts/package.json file: FILE_NOT_FOUND
[2018-05-14T07:17:24.597Z] Writing daemon file.
[2018-05-14T07:32:24.388Z] Writing daemon file.
[DEBUG] [2018-05-15T02:25:35.446Z] Reason for not using local CLI: BASE_DIRECTORY_NOT_FOUND
[DEBUG] [2018-05-15T02:25:35.477Z] CLI flags: { interactive: false, confirm: false }
[DEBUG] [2018-05-15T02:25:35.479Z] { cwd: '/home/rahul/.ionic', local: false, binPath: '/mnt/c/Users/rahul/AppData/Roaming/npm/node_modules/ionic/bin/ionic', libPath: '/mnt/c/Users/rahul/AppData/Roaming/npm/node_modules/ionic/dist/index.js' }
[2018-05-15T02:25:44.849Z] Daemon pid file found: ./daemon.pid
[2018-05-15T02:25:44.849Z] Process 5477 not found, deleting pid file.
[2018-05-15T02:25:44.864Z] Writing 131 to daemon pid file (./daemon.pid).
[2018-05-15T02:25:44.872Z] Spinning up communication server on port 53818.
[2018-05-15T02:25:46.207Z] Writing 53818 to daemon port file (./daemon.port).
[2018-05-15T02:25:53.019Z] Writing daemon file.
[ERROR] [2018-05-15T02:26:06.557Z] Error with /mnt/c/Users/rahul/node_modules/ionic-angular/package.json file: FILE_NOT_FOUND
[ERROR] [2018-05-15T02:26:06.558Z] Error with /mnt/c/Users/rahul/node_modules/@ionic/app-scripts/package.json file: FILE_NOT_FOUND
[ERROR] [2018-05-15T02:26:10.926Z] Error with /mnt/c/Users/rahul/education-for-success/node_modules/@ionic/app-scripts/package.json file: FILE_NOT_FOUND
[ERROR] [2018-05-15T02:26:10.928Z] Error with /mnt/c/Users/rahul/education-for-success/node_modules/ionic-angular/package.json file: FILE_NOT_FOUND
[ERROR] [2018-05-15T02:39:56.559Z] Error with /mnt/c/Users/rahul/node_modules/ionic-angular/package.json file: FILE_NOT_FOUND
[ERROR] [2018-05-15T02:39:56.560Z] Error with /mnt/c/Users/rahul/node_modules/@ionic/app-scripts/package.json file: FILE_NOT_FOUND
[ERROR] [2018-05-15T02:39:59.194Z] Error with /mnt/c/Users/rahul/education-for-success/node_modules/ionic-angular/package.json file: FILE_NOT_FOUND
[ERROR] [2018-05-15T02:39:59.195Z] Error with /mnt/c/Users/rahul/education-for-success/node_modules/@ionic/app-scripts/package.json file: FILE_NOT_FOUND
[2018-05-15T02:40:55.525Z] Writing daemon file.
[2018-05-15T02:55:54.757Z] Writing daemon file.
[2018-05-15T03:10:56.226Z] Writing daemon file.
[ERROR] [2018-05-15T11:41:04.337Z] An error occurred while running npm view @ionic/cli-utils dist-tags.latest --json (exit code 1):

        
        npm ERR! code EAI_AGAIN
        npm ERR! errno EAI_AGAIN
        npm ERR! syscall getaddrinfo
        npm ERR! getaddrinfo EAI_AGAIN registry.npmjs.org:443
        {
           "error": {
             "code": "EAI_AGAIN",
             "summary": "getaddrinfo EAI_AGAIN registry.npmjs.org:443",
             "detail": ""
           }
        }
        

[ERROR] [2018-05-15T11:41:04.352Z] An error occurred while running npm view @ionic/cli-plugin-proxy dist-tags.latest --json (exit code 1):

        
        npm ERR! code EAI_AGAIN
        npm ERR! errno EAI_AGAIN
        npm ERR! syscall getaddrinfo
        npm ERR! getaddrinfo EAI_AGAIN registry.npmjs.org:443
        {
           "error": {
             "code": "EAI_AGAIN",
             "summary": "getaddrinfo EAI_AGAIN registry.npmjs.org:443",
             "detail": ""
           }
        }
        

[ERROR] [2018-05-15T11:41:04.418Z] An error occurred while running npm view ionic dist-tags.latest --json (exit code 1):

        
        npm ERR! code EAI_AGAIN
        npm ERR! errno EAI_AGAIN
        npm ERR! syscall getaddrinfo
        npm ERR! getaddrinfo EAI_AGAIN registry.npmjs.org:443
        {
           "error": {
             "code": "EAI_AGAIN",
             "summary": "getaddrinfo EAI_AGAIN registry.npmjs.org:443",
             "detail": ""
           }
        }
        

[2018-05-15T11:41:04.420Z] Writing daemon file.
[2018-05-15T12:01:50.000Z] Writing daemon file.
[2018-05-15T12:16:51.896Z] Writing daemon file.
[2018-05-15T12:31:51.455Z] Writing daemon file.
[2018-05-15T13:05:46.164Z] Writing daemon file.
[2018-05-15T13:20:47.336Z] Writing daemon file.
[2018-05-15T13:35:46.258Z] Writing daemon file.
[2018-05-15T15:00:16.917Z] Writing daemon file.
[2018-05-15T15:15:18.581Z] Writing daemon file.
[2018-05-15T19:23:22.309Z] Writing daemon file.
[2018-05-15T19:38:22.453Z] Writing daemon file.
[2018-05-15T19:53:22.687Z] Writing daemon file.
[2018-05-15T20:08:20.717Z] Writing daemon file.
[2018-05-15T20:23:23.273Z] Writing daemon file.
[2018-05-15T20:38:22.539Z] Writing daemon file.
[2018-05-15T20:53:22.890Z] Writing daemon file.
[2018-05-15T21:08:22.348Z] Writing daemon file.
[2018-05-15T21:23:22.494Z] Writing daemon file.
[2018-05-15T21:39:11.274Z] Writing daemon file.
[2018-05-15T21:53:20.909Z] Writing daemon file.
[2018-05-15T22:08:22.341Z] Writing daemon file.
[2018-05-15T22:23:21.030Z] Writing daemon file.
[2018-05-15T22:38:20.942Z] Writing daemon file.
[2018-05-15T22:53:20.988Z] Writing daemon file.
[2018-05-15T23:08:20.985Z] Writing daemon file.
[2018-05-15T23:23:20.943Z] Writing daemon file.
[2018-05-15T23:38:20.970Z] Writing daemon file.
[2018-05-15T23:53:20.959Z] Writing daemon file.
[2018-05-16T00:08:20.857Z] Writing daemon file.
[2018-05-16T00:23:23.507Z] Writing daemon file.
[2018-05-16T00:38:22.153Z] Writing daemon file.
[2018-05-16T00:53:22.331Z] Writing daemon file.
[2018-05-16T01:08:21.777Z] Writing daemon file.
[2018-05-16T01:23:21.765Z] Writing daemon file.
[2018-05-16T01:38:21.303Z] Writing daemon file.
[2018-05-16T01:53:21.078Z] Writing daemon file.
[2018-05-16T02:08:26.119Z] Writing daemon file.
[2018-05-16T02:23:19.739Z] Writing daemon file.
[2018-05-16T02:38:21.360Z] Writing daemon file.
[2018-05-16T02:53:21.317Z] Writing daemon file.
[2018-05-16T03:08:21.242Z] Writing daemon file.
[2018-05-16T03:23:21.173Z] Writing daemon file.
[2018-05-16T03:38:21.148Z] Writing daemon file.
[2018-05-16T03:53:21.049Z] Writing daemon file.
[2018-05-16T04:08:20.923Z] Writing daemon file.
[2018-05-16T04:23:20.959Z] Writing daemon file.
[2018-05-16T04:38:20.954Z] Writing daemon file.
[2018-05-16T04:53:20.943Z] Writing daemon file.
[2018-05-16T05:08:21.953Z] Writing daemon file.
[2018-05-16T05:23:20.935Z] Writing daemon file.
[2018-05-16T05:38:20.970Z] Writing daemon file.
[2018-05-16T05:53:20.975Z] Writing daemon file.
[2018-05-16T06:08:20.970Z] Writing daemon file.
[2018-05-16T06:23:20.991Z] Writing daemon file.
[2018-05-16T06:38:20.879Z] Writing daemon file.
[2018-05-16T06:53:21.004Z] Writing daemon file.
[2018-05-16T07:08:20.995Z] Writing daemon file.
[2018-05-16T07:23:20.932Z] Writing daemon file.
[2018-05-16T07:38:20.871Z] Writing daemon file.
[2018-05-16T07:53:20.941Z] Writing daemon file.
[2018-05-16T08:08:20.991Z] Writing daemon file.
[2018-05-16T08:23:20.957Z] Writing daemon file.
[2018-05-16T08:38:21.001Z] Writing daemon file.
[2018-05-16T08:53:21.002Z] Writing daemon file.
[2018-05-16T09:08:21.932Z] Writing daemon file.
[2018-05-16T09:23:20.932Z] Writing daemon file.
[2018-05-16T09:38:21.947Z] Writing daemon file.
[2018-05-16T09:53:20.803Z] Writing daemon file.
[2018-05-16T10:08:20.995Z] Writing daemon file.
[2018-05-16T10:23:20.971Z] Writing daemon file.
[2018-05-16T10:38:21.009Z] Writing daemon file.
[2018-05-16T10:53:20.992Z] Writing daemon file.
[2018-05-16T11:10:42.407Z] Writing daemon file.
[2018-05-16T11:23:24.360Z] Writing daemon file.
[2018-05-16T12:30:28.437Z] Writing daemon file.
[ERROR] [2018-05-16T12:52:41.492Z] An error occurred while running npm view @ionic/cli-plugin-proxy dist-tags.latest --json (exit code 1):

        
        npm ERR! code EAI_AGAIN
        npm ERR! errno EAI_AGAIN
        npm ERR! syscall getaddrinfo
        npm ERR! getaddrinfo EAI_AGAIN registry.npmjs.org:443
        {
           "error": {
             "code": "EAI_AGAIN",
             "summary": "getaddrinfo EAI_AGAIN registry.npmjs.org:443",
             "detail": ""
           }
        }
        

[ERROR] [2018-05-16T12:52:41.494Z] An error occurred while running npm view @ionic/cli-utils dist-tags.latest --json (exit code 1):

        
        npm ERR! code EAI_AGAIN
        npm ERR! errno EAI_AGAIN
        npm ERR! syscall getaddrinfo
        npm ERR! getaddrinfo EAI_AGAIN registry.npmjs.org:443
        {
           "error": {
             "code": "EAI_AGAIN",
             "summary": "getaddrinfo EAI_AGAIN registry.npmjs.org:443",
             "detail": ""
           }
        }
        

[ERROR] [2018-05-16T12:52:41.498Z] An error occurred while running npm view ionic dist-tags.latest --json (exit code 1):

        
        npm ERR! code EAI_AGAIN
        npm ERR! errno EAI_AGAIN
        npm ERR! syscall getaddrinfo
        {
           "error": {
             "code": "EAI_AGAIN",
             "summary": "getaddrinfo EAI_AGAIN registry.npmjs.org:443",
             "detail": ""
           }
        }
        npm ERR! getaddrinfo EAI_AGAIN registry.npmjs.org:443
        

[2018-05-16T12:52:41.498Z] Writing daemon file.
[2018-05-16T13:06:33.398Z] Writing daemon file.
[2018-05-16T13:21:34.851Z] Writing daemon file.
[2018-05-16T13:36:32.888Z] Writing daemon file.
[2018-05-16T14:14:43.346Z] Writing daemon file.
[2018-05-16T14:29:43.117Z] Writing daemon file.
[2018-05-16T14:44:43.134Z] Writing daemon file.
[2018-05-16T16:03:03.051Z] Writing daemon file.
[2018-05-16T16:18:02.985Z] Writing daemon file.
[2018-05-16T16:33:06.430Z] Writing daemon file.
[ERROR] [2018-05-16T19:11:34.252Z] An error occurred while running npm view @ionic/cli-plugin-proxy dist-tags.latest --json (exit code 1):

        
        npm ERR! code EAI_AGAIN
        npm ERR! errno EAI_AGAIN
        npm ERR! syscall getaddrinfo
        npm ERR! getaddrinfo EAI_AGAIN registry.npmjs.org:443
        {
           "error": {
             "code": "EAI_AGAIN",
             "summary": "getaddrinfo EAI_AGAIN registry.npmjs.org:443",
             "detail": ""
           }
        }
        

[ERROR] [2018-05-16T19:11:34.272Z] An error occurred while running npm view @ionic/cli-utils dist-tags.latest --json (exit code 1):

        
        npm ERR! code EAI_AGAIN
        npm ERR! errno EAI_AGAIN
        npm ERR! syscall getaddrinfo
        npm ERR! getaddrinfo EAI_AGAIN registry.npmjs.org:443
        {
           "error": {
             "code": "EAI_AGAIN",
             "summary": "getaddrinfo EAI_AGAIN registry.npmjs.org:443",
             "detail": ""
           }
        }
        

[ERROR] [2018-05-16T19:11:34.295Z] An error occurred while running npm view ionic dist-tags.latest --json (exit code 1):

        
        npm ERR! code EAI_AGAIN
        npm ERR! errno EAI_AGAIN
        npm ERR! syscall getaddrinfo
        npm ERR! getaddrinfo EAI_AGAIN registry.npmjs.org:443
        {
           "error": {
             "code": "EAI_AGAIN",
             "summary": "getaddrinfo EAI_AGAIN registry.npmjs.org:443",
             "detail": ""
           }
        }
        

[2018-05-16T19:11:34.296Z] Writing daemon file.
[ERROR] [2018-05-16T19:26:34.401Z] An error occurred while running npm view ionic dist-tags.latest --json (exit code 1):

        
        npm ERR! code EAI_AGAIN
        npm ERR! errno EAI_AGAIN
        npm ERR! syscall getaddrinfo
        npm ERR! getaddrinfo EAI_AGAIN registry.npmjs.org:443
        {
           "error": {
             "code": "EAI_AGAIN",
             "summary": "getaddrinfo EAI_AGAIN registry.npmjs.org:443",
             "detail": ""
           }
        }
        

[ERROR] [2018-05-16T19:26:34.405Z] An error occurred while running npm view @ionic/cli-plugin-proxy dist-tags.latest --json (exit code 1):

        
        npm ERR! code EAI_AGAIN
        npm ERR! errno EAI_AGAIN
        npm ERR! syscall getaddrinfo
        npm ERR! getaddrinfo EAI_AGAIN registry.npmjs.org:443
        {
           "error": {
             "code": "EAI_AGAIN",
             "summary": "getaddrinfo EAI_AGAIN registry.npmjs.org:443",
             "detail": ""
           }
        }
        

[ERROR] [2018-05-16T19:26:34.413Z] An error occurred while running npm view @ionic/cli-utils dist-tags.latest --json (exit code 1):

        
        npm ERR! code EAI_AGAIN
        {
           "error": {
             "code": "EAI_AGAIN",
             "summary": "getaddrinfo EAI_AGAIN registry.npmjs.org:443",
             "detail": ""
           }
        }
        npm ERR! errno EAI_AGAIN
        npm ERR! syscall getaddrinfo
        npm ERR! getaddrinfo EAI_AGAIN registry.npmjs.org:443
        

[2018-05-16T19:26:34.415Z] Writing daemon file.
[ERROR] [2018-05-16T19:41:34.494Z] An error occurred while running npm view @ionic/cli-plugin-proxy dist-tags.latest --json (exit code 1):

        
        npm ERR! code EAI_AGAIN
        npm ERR! errno EAI_AGAIN
        npm ERR! syscall getaddrinfo
        npm ERR! getaddrinfo EAI_AGAIN registry.npmjs.org:443
        {
           "error": {
             "code": "EAI_AGAIN",
             "summary": "getaddrinfo EAI_AGAIN registry.npmjs.org:443",
             "detail": ""
           }
        }
        

[ERROR] [2018-05-16T19:41:34.512Z] An error occurred while running npm view ionic dist-tags.latest --json (exit code 1):

        
        npm ERR! code EAI_AGAIN
        npm ERR! errno EAI_AGAIN
        npm ERR! syscall getaddrinfo
        npm ERR! getaddrinfo EAI_AGAIN registry.npmjs.org:443
        {
           "error": {
             "code": "EAI_AGAIN",
             "summary": "getaddrinfo EAI_AGAIN registry.npmjs.org:443",
             "detail": ""
           }
        }
        

[ERROR] [2018-05-16T19:41:34.535Z] An error occurred while running npm view @ionic/cli-utils dist-tags.latest --json (exit code 1):

        
        npm ERR! code EAI_AGAIN
        npm ERR! errno EAI_AGAIN
        npm ERR! syscall getaddrinfo
        npm ERR! getaddrinfo EAI_AGAIN registry.npmjs.org:443
        {
           "error": {
             "code": "EAI_AGAIN",
             "summary": "getaddrinfo EAI_AGAIN registry.npmjs.org:443",
             "detail": ""
           }
        }
        

[2018-05-16T19:41:34.537Z] Writing daemon file.
[ERROR] [2018-05-16T19:56:34.357Z] An error occurred while running npm view @ionic/cli-plugin-proxy dist-tags.latest --json (exit code 1):

        
        npm ERR! code EAI_AGAIN
        npm ERR! errno EAI_AGAIN
        npm ERR! syscall getaddrinfo
        npm ERR! getaddrinfo EAI_AGAIN registry.npmjs.org:443
        {
           "error": {
             "code": "EAI_AGAIN",
             "summary": "getaddrinfo EAI_AGAIN registry.npmjs.org:443",
             "detail": ""
           }
        }
        

[ERROR] [2018-05-16T19:56:34.362Z] An error occurred while running npm view ionic dist-tags.latest --json (exit code 1):

        
        npm ERR! code EAI_AGAIN
        npm ERR! errno EAI_AGAIN
        npm ERR! syscall getaddrinfo
        npm ERR! getaddrinfo EAI_AGAIN registry.npmjs.org:443
        {
           "error": {
             "code": "EAI_AGAIN",
             "summary": "getaddrinfo EAI_AGAIN registry.npmjs.org:443",
             "detail": ""
           }
        }
        

[ERROR] [2018-05-16T19:56:34.368Z] An error occurred while running npm view @ionic/cli-utils dist-tags.latest --json (exit code 1):

        
        npm ERR! code EAI_AGAIN
        npm ERR! errno EAI_AGAIN
        npm ERR! syscall getaddrinfo
        npm ERR! getaddrinfo EAI_AGAIN registry.npmjs.org:443
        {
           "error": {
             "code": "EAI_AGAIN",
             "summary": "getaddrinfo EAI_AGAIN registry.npmjs.org:443",
             "detail": ""
           }
        }
        

[2018-05-16T19:56:34.369Z] Writing daemon file.
[2018-05-16T20:57:04.097Z] Writing daemon file.
[2018-05-16T21:12:03.987Z] Writing daemon file.
[2018-05-16T21:27:03.920Z] Writing daemon file.
[2018-05-16T21:42:04.815Z] Writing daemon file.
[2018-05-16T21:57:09.305Z] Writing daemon file.
[2018-05-16T22:12:03.925Z] Writing daemon file.
[2018-05-16T22:27:04.066Z] Writing daemon file.
[2018-05-16T22:42:05.849Z] Writing daemon file.
[2018-05-16T22:57:06.297Z] Writing daemon file.
[2018-05-16T23:12:05.756Z] Writing daemon file.
[2018-05-16T23:27:05.756Z] Writing daemon file.
[2018-05-16T23:42:05.922Z] Writing daemon file.
[2018-05-16T23:57:05.776Z] Writing daemon file.
[2018-05-17T00:12:05.749Z] Writing daemon file.
[2018-05-17T00:27:05.756Z] Writing daemon file.
[2018-05-17T00:42:06.062Z] Writing daemon file.
[2018-05-17T00:57:06.815Z] Writing daemon file.
[2018-05-17T01:12:05.690Z] Writing daemon file.
[2018-05-17T01:27:05.103Z] Writing daemon file.
[2018-05-17T01:42:02.741Z] Writing daemon file.
[2018-05-17T01:57:04.243Z] Writing daemon file.
[2018-05-17T02:12:04.148Z] Writing daemon file.
[2018-05-17T02:27:04.159Z] Writing daemon file.
[2018-05-17T02:42:03.999Z] Writing daemon file.
[2018-05-17T02:57:04.335Z] Writing daemon file.
[2018-05-17T03:12:04.165Z] Writing daemon file.
[2018-05-17T03:27:03.956Z] Writing daemon file.
[2018-05-17T03:42:03.935Z] Writing daemon file.
[2018-05-17T03:57:03.849Z] Writing daemon file.
[2018-05-17T04:12:03.966Z] Writing daemon file.
[2018-05-17T04:27:03.870Z] Writing daemon file.
[2018-05-17T04:42:03.786Z] Writing daemon file.
[2018-05-17T04:57:03.839Z] Writing daemon file.
[2018-05-17T05:12:04.013Z] Writing daemon file.
[2018-05-17T05:27:03.841Z] Writing daemon file.
[2018-05-17T05:42:03.808Z] Writing daemon file.
[2018-05-17T05:58:18.683Z] Writing daemon file.
[2018-05-17T06:12:03.914Z] Writing daemon file.
[2018-05-17T06:27:03.844Z] Writing daemon file.
[2018-05-17T06:42:03.939Z] Writing daemon file.
[2018-05-17T06:57:03.798Z] Writing daemon file.
[2018-05-17T07:12:03.948Z] Writing daemon file.
[2018-05-17T07:27:04.848Z] Writing daemon file.
[2018-05-17T07:42:03.898Z] Writing daemon file.
[2018-05-17T07:57:03.908Z] Writing daemon file.
[2018-05-17T08:12:03.968Z] Writing daemon file.
[2018-05-17T08:27:03.909Z] Writing daemon file.
[2018-05-17T08:42:03.779Z] Writing daemon file.
[2018-05-17T08:57:03.862Z] Writing daemon file.
[2018-05-17T09:12:03.867Z] Writing daemon file.
[2018-05-17T09:27:03.905Z] Writing daemon file.
[2018-05-17T09:42:08.915Z] Writing daemon file.
[2018-05-17T09:57:04.206Z] Writing daemon file.
[2018-05-17T10:12:03.610Z] Writing daemon file.
[2018-05-17T10:27:03.866Z] Writing daemon file.
[2018-05-17T10:42:03.852Z] Writing daemon file.
[2018-05-17T10:57:06.272Z] Writing daemon file.
[2018-05-17T11:12:03.805Z] Writing daemon file.
[2018-05-17T11:27:05.642Z] Writing daemon file.
[2018-05-17T11:59:18.561Z] Writing daemon file.
[2018-05-17T12:14:17.122Z] Writing daemon file.
[2018-05-17T12:32:16.106Z] Writing daemon file.
[2018-05-17T14:00:42.341Z] Writing daemon file.
[2018-05-17T14:15:44.562Z] Writing daemon file.
[2018-05-17T14:30:47.260Z] Writing daemon file.
[ERROR] [2018-05-17T19:06:24.355Z] An error occurred while running npm view ionic dist-tags.latest --json (exit code 1):

        
        npm ERR! code EAI_AGAIN
        npm ERR! errno EAI_AGAIN
        npm ERR! syscall getaddrinfo
        npm ERR! getaddrinfo EAI_AGAIN registry.npmjs.org:443
        {
           "error": {
             "code": "EAI_AGAIN",
             "summary": "getaddrinfo EAI_AGAIN registry.npmjs.org:443",
             "detail": ""
           }
        }
        

[ERROR] [2018-05-17T19:06:24.357Z] An error occurred while running npm view @ionic/cli-utils dist-tags.latest --json (exit code 1):

        
        npm ERR! code EAI_AGAIN
        npm ERR! errno EAI_AGAIN
        npm ERR! syscall getaddrinfo
        npm ERR! getaddrinfo EAI_AGAIN registry.npmjs.org:443
        {
           "error": {
             "code": "EAI_AGAIN",
             "summary": "getaddrinfo EAI_AGAIN registry.npmjs.org:443",
             "detail": ""
           }
        }
        

[ERROR] [2018-05-17T19:06:24.358Z] An error occurred while running npm view @ionic/cli-plugin-proxy dist-tags.latest --json (exit code 1):

        
        npm ERR! code EAI_AGAIN
        npm ERR! errno EAI_AGAIN
        npm ERR! syscall getaddrinfo
        npm ERR! getaddrinfo EAI_AGAIN registry.npmjs.org:443
        {
           "error": {
             "code": "EAI_AGAIN",
             "summary": "getaddrinfo EAI_AGAIN registry.npmjs.org:443",
             "detail": ""
           }
        }
        

[2018-05-17T19:06:24.359Z] Writing daemon file.
[ERROR] [2018-05-17T19:21:23.340Z] An error occurred while running npm view @ionic/cli-plugin-proxy dist-tags.latest --json (exit code 1):

        
        npm ERR! code EAI_AGAIN
        npm ERR! errno EAI_AGAIN
        npm ERR! syscall getaddrinfo
        npm ERR! getaddrinfo EAI_AGAIN registry.npmjs.org:443
        {
           "error": {
             "code": "EAI_AGAIN",
             "summary": "getaddrinfo EAI_AGAIN registry.npmjs.org:443",
             "detail": ""
           }
        }
        

[ERROR] [2018-05-17T19:21:23.351Z] An error occurred while running npm view ionic dist-tags.latest --json (exit code 1):

        
        npm ERR! code EAI_AGAIN
        npm ERR! errno EAI_AGAIN
        npm ERR! syscall getaddrinfo
        npm ERR! getaddrinfo EAI_AGAIN registry.npmjs.org:443
        {
           "error": {
             "code": "EAI_AGAIN",
             "summary": "getaddrinfo EAI_AGAIN registry.npmjs.org:443",
             "detail": ""
           }
        }
        

[ERROR] [2018-05-17T19:21:23.353Z] An error occurred while running npm view @ionic/cli-utils dist-tags.latest --json (exit code 1):

        
        npm ERR! code EAI_AGAIN
        npm ERR! errno EAI_AGAIN
        npm ERR! syscall getaddrinfo
        npm ERR! getaddrinfo EAI_AGAIN registry.npmjs.org:443
        {
           "error": {
             "code": "EAI_AGAIN",
             "summary": "getaddrinfo EAI_AGAIN registry.npmjs.org:443",
             "detail": ""
           }
        }
        

[2018-05-17T19:21:23.354Z] Writing daemon file.
[2018-05-17T19:50:49.549Z] Writing daemon file.
[2018-05-17T20:04:42.465Z] Writing daemon file.
[2018-05-17T21:06:07.017Z] Writing daemon file.
[2018-05-17T21:21:06.188Z] Writing daemon file.
[2018-05-17T21:36:06.334Z] Writing daemon file.
[2018-05-17T21:51:06.244Z] Writing daemon file.
[2018-05-17T22:06:06.131Z] Writing daemon file.
[2018-05-17T22:22:30.207Z] Writing daemon file.
[2018-05-17T22:36:06.542Z] Writing daemon file.
[2018-05-17T22:51:06.069Z] Writing daemon file.
[2018-05-17T23:06:08.730Z] Writing daemon file.
[2018-05-17T23:21:06.224Z] Writing daemon file.
[2018-05-17T23:36:05.884Z] Writing daemon file.
[2018-05-17T23:51:05.905Z] Writing daemon file.
[2018-05-18T00:06:15.512Z] Writing daemon file.
[2018-05-18T00:28:07.440Z] Writing daemon file.
[2018-05-18T00:43:07.480Z] Writing daemon file.
[2018-05-18T00:58:08.199Z] Writing daemon file.
[2018-05-18T01:13:08.359Z] Writing daemon file.
[2018-05-18T01:28:08.238Z] Writing daemon file.
[2018-05-18T01:43:08.596Z] Writing daemon file.
[2018-05-18T01:58:08.018Z] Writing daemon file.
[2018-05-18T02:13:07.260Z] Writing daemon file.
[2018-05-18T02:28:06.177Z] Writing daemon file.
[2018-05-18T02:43:07.297Z] Writing daemon file.
[2018-05-18T02:58:07.526Z] Writing daemon file.
[2018-05-18T03:13:07.303Z] Writing daemon file.
[2018-05-18T03:28:07.595Z] Writing daemon file.
[2018-05-18T03:43:05.974Z] Writing daemon file.
[2018-05-18T03:58:09.901Z] Writing daemon file.
[2018-05-18T04:13:08.484Z] Writing daemon file.
[2018-05-18T04:28:08.289Z] Writing daemon file.
[2018-05-18T04:43:08.174Z] Writing daemon file.
[2018-05-18T04:58:08.182Z] Writing daemon file.
[2018-05-18T13:14:51.509Z] Writing daemon file.
[2018-05-18T13:29:25.448Z] Writing daemon file.
[ERROR] [2018-05-18T13:47:01.694Z] An error occurred while running npm view @ionic/cli-plugin-proxy dist-tags.latest --json (exit code 1):

        
        npm ERR! code EAI_AGAIN
        npm ERR! errno EAI_AGAIN
        npm ERR! syscall getaddrinfo
        npm ERR! getaddrinfo EAI_AGAIN registry.npmjs.org:443
        {
           "error": {
             "code": "EAI_AGAIN",
             "summary": "getaddrinfo EAI_AGAIN registry.npmjs.org:443",
             "detail": ""
           }
        }
        

[ERROR] [2018-05-18T13:47:01.761Z] An error occurred while running npm view ionic dist-tags.latest --json (exit code 1):

        
        npm ERR! code EAI_AGAIN
        npm ERR! errno EAI_AGAIN
        npm ERR! syscall getaddrinfo
        npm ERR! getaddrinfo EAI_AGAIN registry.npmjs.org:443
        {
           "error": {
             "code": "EAI_AGAIN",
             "summary": "getaddrinfo EAI_AGAIN registry.npmjs.org:443",
             "detail": ""
           }
        }
        

[ERROR] [2018-05-18T13:47:01.765Z] An error occurred while running npm view @ionic/cli-utils dist-tags.latest --json (exit code 1):

        
        npm ERR! code EAI_AGAIN
        npm ERR! errno EAI_AGAIN
        npm ERR! syscall getaddrinfo
        npm ERR! getaddrinfo EAI_AGAIN registry.npmjs.org:443
        {
           "error": {
             "code": "EAI_AGAIN",
             "summary": "getaddrinfo EAI_AGAIN registry.npmjs.org:443",
             "detail": ""
           }
        }
        

[2018-05-18T13:47:01.766Z] Writing daemon file.
[2018-05-18T15:08:32.650Z] Writing daemon file.
[ERROR] [2018-05-18T15:24:11.528Z] An error occurred while running npm view @ionic/cli-utils dist-tags.latest --json (exit code 1):

        
        npm ERR! code EAI_AGAIN
        npm ERR! errno EAI_AGAIN
        npm ERR! syscall getaddrinfo
        npm ERR! getaddrinfo EAI_AGAIN registry.npmjs.org:443
        {
           "error": {
             "code": "EAI_AGAIN",
             "summary": "getaddrinfo EAI_AGAIN registry.npmjs.org:443",
             "detail": ""
           }
        }
        

[ERROR] [2018-05-18T15:24:11.530Z] An error occurred while running npm view @ionic/cli-plugin-proxy dist-tags.latest --json (exit code 1):

        
        npm ERR! code EAI_AGAIN
        npm ERR! errno EAI_AGAIN
        npm ERR! syscall getaddrinfo
        npm ERR! getaddrinfo EAI_AGAIN registry.npmjs.org:443
        {
           "error": {
             "code": "EAI_AGAIN",
             "summary": "getaddrinfo EAI_AGAIN registry.npmjs.org:443",
             "detail": ""
           }
        }
        

[ERROR] [2018-05-18T15:24:11.534Z] An error occurred while running npm view ionic dist-tags.latest --json (exit code 1):

        
        npm ERR! code EAI_AGAIN
        npm ERR! errno EAI_AGAIN
        npm ERR! syscall getaddrinfo
        npm ERR! getaddrinfo EAI_AGAIN registry.npmjs.org:443
        {
           "error": {
             "code": "EAI_AGAIN",
             "summary": "getaddrinfo EAI_AGAIN registry.npmjs.org:443",
             "detail": ""
           }
        }
        

[2018-05-18T15:24:11.536Z] Writing daemon file.
[2018-05-18T15:50:46.753Z] Writing daemon file.
[2018-05-18T16:05:47.213Z] Writing daemon file.
[2018-05-18T16:20:54.322Z] Writing daemon file.
[2018-05-18T16:35:46.926Z] Writing daemon file.
[2018-05-19T02:22:50.714Z] Writing daemon file.
[2018-05-19T02:37:50.590Z] Writing daemon file.
[2018-05-19T02:52:50.581Z] Writing daemon file.
[2018-05-19T03:07:50.446Z] Writing daemon file.
[2018-05-19T03:22:50.554Z] Writing daemon file.
[2018-05-19T03:37:50.316Z] Writing daemon file.
[2018-05-19T03:52:51.081Z] Writing daemon file.
[2018-05-19T04:52:20.719Z] Writing daemon file.
[2018-05-19T13:17:27.691Z] Writing daemon file.
[2018-05-19T13:32:26.374Z] Writing daemon file.
[2018-05-19T13:47:27.845Z] Writing daemon file.
[2018-05-19T14:02:29.575Z] Writing daemon file.
[2018-05-19T14:17:29.379Z] Writing daemon file.
[2018-05-19T14:32:29.530Z] Writing daemon file.
[2018-05-19T14:47:29.555Z] Writing daemon file.
[2018-05-19T15:02:29.138Z] Writing daemon file.
[2018-05-19T15:17:27.553Z] Writing daemon file.
[2018-05-19T15:32:29.690Z] Writing daemon file.
[2018-05-19T15:47:27.782Z] Writing daemon file.
[2018-05-19T16:02:27.976Z] Writing daemon file.
[2018-05-19T16:17:28.047Z] Writing daemon file.
[2018-05-19T16:32:29.264Z] Writing daemon file.
[2018-05-19T16:47:27.966Z] Writing daemon file.
[2018-05-19T17:02:26.271Z] Writing daemon file.
[2018-05-19T17:17:27.445Z] Writing daemon file.
[2018-05-19T17:32:27.649Z] Writing daemon file.
[2018-05-19T17:47:27.642Z] Writing daemon file.
[2018-05-19T18:02:27.589Z] Writing daemon file.
[2018-05-19T18:17:27.649Z] Writing daemon file.
[2018-05-19T18:32:27.897Z] Writing daemon file.
[2018-05-19T18:47:27.455Z] Writing daemon file.
[2018-05-19T19:02:27.848Z] Writing daemon file.
[2018-05-19T19:17:27.473Z] Writing daemon file.
[2018-05-19T19:32:29.408Z] Writing daemon file.
[2018-05-19T19:47:29.412Z] Writing daemon file.
[2018-05-19T20:02:29.336Z] Writing daemon file.
[2018-05-19T20:17:29.699Z] Writing daemon file.
[2018-05-19T20:32:29.322Z] Writing daemon file.
[2018-05-19T20:47:29.489Z] Writing daemon file.
[2018-05-19T21:02:27.696Z] Writing daemon file.
[2018-05-19T21:31:13.621Z] Writing daemon file.
[2018-05-19T21:46:13.429Z] Writing daemon file.
[2018-05-19T22:01:13.417Z] Writing daemon file.
[2018-05-19T22:16:12.232Z] Writing daemon file.
[2018-05-19T22:32:05.200Z] Writing daemon file.
[2018-05-19T23:24:41.380Z] Writing daemon file.
[2018-05-19T23:39:45.602Z] Writing daemon file.
