Arguments: 
  C:\Users\rahul\AppData\Local\hyper\app-2.0.0\Hyper.exe C:\Users\rahul\AppData\Local\hyper\app-2.0.0\resources\bin\yarn-standalone.js install --no-emoji --no-lockfile --cache-folder C:\Users\rahul\.hyper_plugins\cache

PATH: 
  C:\Perl64\site\bin;C:\Perl64\bin;C:\Python36\Scripts\;C:\Python36\;C:\Python27\;C:\Python27\Scripts;C:\Program Files (x86)\Intel\iCLS Client\;C:\CEdev\bin;C:\Program Files (x86)\Common Files\Oracle\Java\javapath;C:\Program Files\Intel\iCLS Client\;C:\windows\system32;C:\windows;C:\windows\System32\Wbem;C:\windows\System32\WindowsPowerShell\v1.0\;C:\Program Files\Git\cmd;C:\Program Files\nodejs\;C:\WINDOWS\system32;C:\WINDOWS;C:\WINDOWS\System32\Wbem;C:\WINDOWS\System32\WindowsPowerShell\v1.0\;C:\Program Files (x86)\GtkSharp\2.12\bin;C:\ProgramData\chocolatey\bin;C:\Program Files\Microsoft SQL Server\Client SDK\ODBC\110\Tools\Binn\;C:\Program Files (x86)\Microsoft SQL Server\120\Tools\Binn\;C:\Program Files\Microsoft SQL Server\120\Tools\Binn\;C:\Program Files\Microsoft SQL Server\120\DTS\Binn\;C:\Program Files (x86)\Windows Kits\8.1\Windows Performance Toolkit\;C:\Program Files\MiKTeX 2.9\miktex\bin\x64\;C:\Program Files\dotnet\;C:\Program Files\Liquid Technologies\Liquid Studio 2018\XmlDataBinder16\Redist16\cpp\win32\bin;C:\Program Files\Liquid Technologies\Liquid Studio 2018\XmlDataBinder16\Redist16\cpp\win64\bin;C:\WINDOWS\System32\OpenSSH\;C:\Program Files (x86)\Intel\Intel(R) Management Engine Components\DAL;C:\Program Files\Intel\Intel(R) Management Engine Components\DAL;C:\Program Files (x86)\Intel\Intel(R) Management Engine Components\IPT;C:\Program Files\Intel\Intel(R) Management Engine Components\IPT;C:\ProgramData\Anaconda3\Scripts;C:\ProgramData\Anaconda3\;C:\Users\rahul\AppData\Local\Programs\Python\Python36\;C:\Users\rahul\AppData\Local\Programs\Python\Python36\Scripts;C:\Users\rahul\AppData\Local\Programs;C:\Users\rahul\AppData\Local\Programs\Python\Python36-32\;C:\Users\rahul\AppData\Local\Programs\Python\Python36-32\Scripts;c:\python36\Scripts;C:\Program Files\Intel\WiFi\bin\;C:\Program Files\Common Files\Intel\WirelessCommon\;C:\Program Files (x86)\Windows Kits\10\Windows Performance Toolkit\;C:\Program Files (x86)\NVIDIA Corporation\PhysX\Common;C:\Program Files\Git LFS;C:\Program Files\Git\bin;C:\Users\rahul\AppData\Local\Programs\Python\Python36-32\Scripts\;C:\Users\rahul\scoop\shims;C:\Ruby24-x64\bin;C:\Users\rahul\AppData\Local\Microsoft\WindowsApps;C:\Users\rahul\flutter\bin;C:\Users\rahul\AppData\Roaming\npm;C:\Program Files\Java\jdk1.8.0_171\bin;C:\Users\rahul\AppData\Local\hyper\app-2.0.0\resources\bin;C:\Users\rahul\.babun;C:\Users\rahul\AppData\Local\Microsoft\WindowsApps;C:\tools\dart-sdk\bin;C:\Users\rahul\AppData\Roaming\Pub\Cache\bin;C:\Users\rahul\AppData\Local\Google\Cloud SDK\google-cloud-sdk\bin;C:\Users\rahul\AppData\Local\atom\bin;C:\Program Files (x86)\Nmap;C:\ProgramData\Anaconda3\Scripts;;C:\ProgramData\Anaconda3\;;c:\pytho%~dp0;%PATH%;C:\Perl64\site\bin;C:\Users\rahul\AppData\Local\hyper\app-2.0.0\resources\bin

Yarn version: 
  1.3.2

Node version: 
  8.2.1

Platform: 
  win32 x64

npm manifest: 
  {
    "name": "hyper-plugins",
    "description": "Auto-generated from `~/.hyper.js`!",
    "private": true,
    "version": "0.0.1",
    "repository": "zeit/hyper",
    "license": "MIT",
    "homepage": "https://hyper.is",
    "dependencies": {
      "hyperpower": "latest",
      "verminal": "latest",
      "hyper-material-theme": "latest",
      "shades-of-purple-hyper": "latest",
      "hyper-tabs-enhanced": "latest",
      "hyper-search": "latest"
    }
  }

yarn manifest: 
  No manifest

Lockfile: 
  No lockfile

Trace: 
  Error: getaddrinfo ENOTFOUND registry.yarnpkg.com registry.yarnpkg.com:443
      at errnoException (dns.js:50:10)
      at GetAddrInfoReqWrap.onlookup [as oncomplete] (dns.js:92:26)
